<?xml version="1.0" encoding="UTF-8"?>
<!-- Generated by org.testng.reporters.JUnitReportReporter -->
<testsuite hostname="Homebells-MacBook-Pro-2.local" name="caroobi.NewClass" tests="1" failures="0" timestamp="25 Apr 2019 11:52:06 GMT" time="3.837" errors="0">
  <testcase name="openMyBlog" time="3.837" classname="caroobi.NewClass"/>
</testsuite> <!-- caroobi.NewClass -->
